2024-12-31T11:42:35.236+0100 INFO  [background-preinit] org.hibernate.validator.internal.util.Version - HV000001: Hibernate Validator 8.0.1.Final
2024-12-31T11:42:35.290+0100 INFO  [main] pxl.be.services.ConfigServiceApplication - Starting ConfigServiceApplication using Java 17.0.5 with PID 16048 (C:\Users\12202466\Documents\SchoolProjecten\project-NickySchobbenPXL\backend-java\NewsArticlePXL\config-service\target\classes started by 12202466 in C:\Users\12202466\Documents\SchoolProjecten\project-NickySchobbenPXL\backend-java\NewsArticlePXL)
2024-12-31T11:42:35.290+0100 INFO  [main] pxl.be.services.ConfigServiceApplication - The following 1 profile is active: "native"
2024-12-31T11:42:36.249+0100 INFO  [main] org.springframework.cloud.context.scope.GenericScope - BeanFactory id=8e11f026-7e91-303e-9a6e-6684c2a108bf
2024-12-31T11:42:36.503+0100 INFO  [main] org.springframework.boot.web.embedded.tomcat.TomcatWebServer - Tomcat initialized with port 8088 (http)
2024-12-31T11:42:36.513+0100 INFO  [main] org.apache.coyote.http11.Http11NioProtocol - Initializing ProtocolHandler ["http-nio-8088"]
2024-12-31T11:42:36.515+0100 INFO  [main] org.apache.catalina.core.StandardService - Starting service [Tomcat]
2024-12-31T11:42:36.516+0100 INFO  [main] org.apache.catalina.core.StandardEngine - Starting Servlet engine: [Apache Tomcat/10.1.31]
2024-12-31T11:42:36.575+0100 INFO  [main] org.apache.catalina.core.ContainerBase.[Tomcat].[localhost].[/] - Initializing Spring embedded WebApplicationContext
2024-12-31T11:42:36.575+0100 INFO  [main] org.springframework.boot.web.servlet.context.ServletWebServerApplicationContext - Root WebApplicationContext: initialization completed in 1248 ms
2024-12-31T11:42:38.266+0100 INFO  [main] org.springframework.cloud.commons.util.InetUtils - Cannot determine local hostname
2024-12-31T11:42:38.395+0100 INFO  [main] org.springframework.boot.actuate.endpoint.web.EndpointLinksResolver - Exposing 1 endpoint beneath base path ''
2024-12-31T11:42:38.438+0100 INFO  [main] org.apache.coyote.http11.Http11NioProtocol - Starting ProtocolHandler ["http-nio-8088"]
2024-12-31T11:42:38.453+0100 INFO  [main] org.springframework.boot.web.embedded.tomcat.TomcatWebServer - Tomcat started on port 8088 (http) with context path '/'
2024-12-31T11:42:39.544+0100 INFO  [main] org.springframework.cloud.commons.util.InetUtils - Cannot determine local hostname
2024-12-31T11:42:39.562+0100 INFO  [main] pxl.be.services.ConfigServiceApplication - Started ConfigServiceApplication in 5.982 seconds (process running for 6.794)
2024-12-31T11:42:39.974+0100 INFO  [RMI TCP Connection(1)-169.254.182.78] org.apache.catalina.core.ContainerBase.[Tomcat].[localhost].[/] - Initializing Spring DispatcherServlet 'dispatcherServlet'
2024-12-31T11:42:39.975+0100 INFO  [RMI TCP Connection(1)-169.254.182.78] org.springframework.web.servlet.DispatcherServlet - Initializing Servlet 'dispatcherServlet'
2024-12-31T11:42:39.976+0100 INFO  [RMI TCP Connection(1)-169.254.182.78] org.springframework.web.servlet.DispatcherServlet - Completed initialization in 1 ms
2024-12-31T11:42:53.893+0100 INFO  [http-nio-8088-exec-1] org.springframework.cloud.config.server.environment.NativeEnvironmentRepository - Adding property source: Config resource 'class path resource [config/discovery-service.properties]' via location 'classpath:/config/'
2024-12-31T11:43:11.112+0100 INFO  [http-nio-8088-exec-2] org.springframework.cloud.config.server.environment.NativeEnvironmentRepository - Adding property source: Config resource 'class path resource [config/gateway-service.yml]' via location 'classpath:/config/'
2024-12-31T11:43:30.655+0100 INFO  [http-nio-8088-exec-3] org.springframework.cloud.config.server.environment.NativeEnvironmentRepository - Adding property source: Config resource 'class path resource [config/notification-service.properties]' via location 'classpath:/config/'
2024-12-31T11:43:52.283+0100 INFO  [http-nio-8088-exec-4] org.springframework.cloud.config.server.environment.NativeEnvironmentRepository - Adding property source: Config resource 'class path resource [config/post-service.properties]' via location 'classpath:/config/'
2024-12-31T11:44:27.436+0100 INFO  [http-nio-8088-exec-7] org.springframework.cloud.config.server.environment.NativeEnvironmentRepository - Adding property source: Config resource 'class path resource [config/comment-service.properties]' via location 'classpath:/config/'
2024-12-31T11:45:03.602+0100 INFO  [http-nio-8088-exec-6] org.springframework.cloud.config.server.environment.NativeEnvironmentRepository - Adding property source: Config resource 'class path resource [config/review-service.properties]' via location 'classpath:/config/'
2024-12-31T11:55:21.165+0100 INFO  [http-nio-8088-exec-3] org.springframework.cloud.config.server.environment.NativeEnvironmentRepository - Adding property source: Config resource 'class path resource [config/post-service.properties]' via location 'classpath:/config/'
2024-12-31T12:00:05.302+0100 INFO  [http-nio-8088-exec-5] org.springframework.cloud.config.server.environment.NativeEnvironmentRepository - Adding property source: Config resource 'class path resource [config/review-service.properties]' via location 'classpath:/config/'
2024-12-31T12:00:44.505+0100 INFO  [http-nio-8088-exec-10] org.springframework.cloud.config.server.environment.NativeEnvironmentRepository - Adding property source: Config resource 'class path resource [config/comment-service.properties]' via location 'classpath:/config/'
2024-12-31T12:01:14.623+0100 INFO  [http-nio-8088-exec-8] org.springframework.cloud.config.server.environment.NativeEnvironmentRepository - Adding property source: Config resource 'class path resource [config/notification-service.properties]' via location 'classpath:/config/'
2024-12-31T12:44:03.102+0100 INFO  [background-preinit] org.hibernate.validator.internal.util.Version - HV000001: Hibernate Validator 8.0.1.Final
2024-12-31T12:44:03.144+0100 INFO  [main] pxl.be.services.ConfigServiceApplication - Starting ConfigServiceApplication using Java 17.0.5 with PID 11216 (C:\Users\12202466\Documents\SchoolProjecten\project-NickySchobbenPXL\backend-java\NewsArticlePXL\config-service\target\classes started by 12202466 in C:\Users\12202466\Documents\SchoolProjecten\project-NickySchobbenPXL\backend-java\NewsArticlePXL)
2024-12-31T12:44:03.145+0100 INFO  [main] pxl.be.services.ConfigServiceApplication - The following 1 profile is active: "native"
2024-12-31T12:44:03.964+0100 INFO  [main] org.springframework.cloud.context.scope.GenericScope - BeanFactory id=8e11f026-7e91-303e-9a6e-6684c2a108bf
2024-12-31T12:44:04.211+0100 INFO  [main] org.springframework.boot.web.embedded.tomcat.TomcatWebServer - Tomcat initialized with port 8088 (http)
2024-12-31T12:44:04.221+0100 INFO  [main] org.apache.coyote.http11.Http11NioProtocol - Initializing ProtocolHandler ["http-nio-8088"]
2024-12-31T12:44:04.224+0100 INFO  [main] org.apache.catalina.core.StandardService - Starting service [Tomcat]
2024-12-31T12:44:04.225+0100 INFO  [main] org.apache.catalina.core.StandardEngine - Starting Servlet engine: [Apache Tomcat/10.1.31]
2024-12-31T12:44:04.287+0100 INFO  [main] org.apache.catalina.core.ContainerBase.[Tomcat].[localhost].[/] - Initializing Spring embedded WebApplicationContext
2024-12-31T12:44:04.287+0100 INFO  [main] org.springframework.boot.web.servlet.context.ServletWebServerApplicationContext - Root WebApplicationContext: initialization completed in 1106 ms
2024-12-31T12:44:05.971+0100 INFO  [main] org.springframework.cloud.commons.util.InetUtils - Cannot determine local hostname
2024-12-31T12:44:06.086+0100 INFO  [main] org.springframework.boot.actuate.endpoint.web.EndpointLinksResolver - Exposing 1 endpoint beneath base path ''
2024-12-31T12:44:06.135+0100 INFO  [main] org.apache.coyote.http11.Http11NioProtocol - Starting ProtocolHandler ["http-nio-8088"]
2024-12-31T12:44:06.148+0100 INFO  [main] org.springframework.boot.web.embedded.tomcat.TomcatWebServer - Tomcat started on port 8088 (http) with context path '/'
2024-12-31T12:44:07.272+0100 INFO  [main] org.springframework.cloud.commons.util.InetUtils - Cannot determine local hostname
2024-12-31T12:44:07.291+0100 INFO  [main] pxl.be.services.ConfigServiceApplication - Started ConfigServiceApplication in 5.874 seconds (process running for 6.436)
2024-12-31T12:44:07.677+0100 INFO  [RMI TCP Connection(2)-169.254.182.78] org.apache.catalina.core.ContainerBase.[Tomcat].[localhost].[/] - Initializing Spring DispatcherServlet 'dispatcherServlet'
2024-12-31T12:44:07.678+0100 INFO  [RMI TCP Connection(2)-169.254.182.78] org.springframework.web.servlet.DispatcherServlet - Initializing Servlet 'dispatcherServlet'
2024-12-31T12:44:07.680+0100 INFO  [RMI TCP Connection(2)-169.254.182.78] org.springframework.web.servlet.DispatcherServlet - Completed initialization in 1 ms
2024-12-31T12:44:23.864+0100 INFO  [http-nio-8088-exec-1] org.springframework.cloud.config.server.environment.NativeEnvironmentRepository - Adding property source: Config resource 'class path resource [config/messaging-service.properties]' via location 'classpath:/config/'
2024-12-31T12:44:58.848+0100 INFO  [http-nio-8088-exec-3] org.springframework.cloud.config.server.environment.NativeEnvironmentRepository - Adding property source: Config resource 'class path resource [config/review-service.properties]' via location 'classpath:/config/'
2024-12-31T12:45:47.270+0100 INFO  [http-nio-8088-exec-6] org.springframework.cloud.config.server.environment.NativeEnvironmentRepository - Adding property source: Config resource 'class path resource [config/notification-service.properties]' via location 'classpath:/config/'
2024-12-31T12:51:14.889+0100 INFO  [http-nio-8088-exec-7] org.springframework.cloud.config.server.environment.NativeEnvironmentRepository - Adding property source: Config resource 'class path resource [config/post-service.properties]' via location 'classpath:/config/'
2024-12-31T12:55:04.259+0100 INFO  [background-preinit] org.hibernate.validator.internal.util.Version - HV000001: Hibernate Validator 8.0.1.Final
2024-12-31T12:55:04.296+0100 INFO  [main] pxl.be.services.ConfigServiceApplication - Starting ConfigServiceApplication using Java 17.0.5 with PID 6996 (C:\Users\12202466\Documents\SchoolProjecten\project-NickySchobbenPXL\backend-java\NewsArticlePXL\config-service\target\classes started by 12202466 in C:\Users\12202466\Documents\SchoolProjecten\project-NickySchobbenPXL\backend-java\NewsArticlePXL)
2024-12-31T12:55:04.297+0100 INFO  [main] pxl.be.services.ConfigServiceApplication - The following 1 profile is active: "native"
2024-12-31T12:55:05.099+0100 INFO  [main] org.springframework.cloud.context.scope.GenericScope - BeanFactory id=8e11f026-7e91-303e-9a6e-6684c2a108bf
2024-12-31T12:55:05.315+0100 INFO  [main] org.springframework.boot.web.embedded.tomcat.TomcatWebServer - Tomcat initialized with port 8088 (http)
2024-12-31T12:55:05.323+0100 INFO  [main] org.apache.coyote.http11.Http11NioProtocol - Initializing ProtocolHandler ["http-nio-8088"]
2024-12-31T12:55:05.325+0100 INFO  [main] org.apache.catalina.core.StandardService - Starting service [Tomcat]
2024-12-31T12:55:05.326+0100 INFO  [main] org.apache.catalina.core.StandardEngine - Starting Servlet engine: [Apache Tomcat/10.1.31]
2024-12-31T12:55:05.374+0100 INFO  [main] org.apache.catalina.core.ContainerBase.[Tomcat].[localhost].[/] - Initializing Spring embedded WebApplicationContext
2024-12-31T12:55:05.374+0100 INFO  [main] org.springframework.boot.web.servlet.context.ServletWebServerApplicationContext - Root WebApplicationContext: initialization completed in 1044 ms
2024-12-31T12:55:07.040+0100 INFO  [main] org.springframework.cloud.commons.util.InetUtils - Cannot determine local hostname
2024-12-31T12:55:07.142+0100 INFO  [main] org.springframework.boot.actuate.endpoint.web.EndpointLinksResolver - Exposing 1 endpoint beneath base path ''
2024-12-31T12:55:07.179+0100 INFO  [main] org.apache.coyote.http11.Http11NioProtocol - Starting ProtocolHandler ["http-nio-8088"]
2024-12-31T12:55:07.192+0100 INFO  [main] org.springframework.boot.web.embedded.tomcat.TomcatWebServer - Tomcat started on port 8088 (http) with context path '/'
2024-12-31T12:55:08.313+0100 INFO  [main] org.springframework.cloud.commons.util.InetUtils - Cannot determine local hostname
2024-12-31T12:55:08.331+0100 INFO  [main] pxl.be.services.ConfigServiceApplication - Started ConfigServiceApplication in 5.676 seconds (process running for 6.205)
2024-12-31T12:55:08.466+0100 INFO  [RMI TCP Connection(1)-169.254.182.78] org.apache.catalina.core.ContainerBase.[Tomcat].[localhost].[/] - Initializing Spring DispatcherServlet 'dispatcherServlet'
2024-12-31T12:55:08.466+0100 INFO  [RMI TCP Connection(1)-169.254.182.78] org.springframework.web.servlet.DispatcherServlet - Initializing Servlet 'dispatcherServlet'
2024-12-31T12:55:08.468+0100 INFO  [RMI TCP Connection(1)-169.254.182.78] org.springframework.web.servlet.DispatcherServlet - Completed initialization in 2 ms
2024-12-31T12:55:19.746+0100 INFO  [http-nio-8088-exec-1] org.springframework.cloud.config.server.environment.NativeEnvironmentRepository - Adding property source: Config resource 'class path resource [config/discovery-service.properties]' via location 'classpath:/config/'
2024-12-31T12:55:36.192+0100 INFO  [http-nio-8088-exec-6] org.springframework.cloud.config.server.environment.NativeEnvironmentRepository - Adding property source: Config resource 'class path resource [config/gateway-service.yml]' via location 'classpath:/config/'
2024-12-31T12:55:59.174+0100 INFO  [http-nio-8088-exec-5] org.springframework.cloud.config.server.environment.NativeEnvironmentRepository - Adding property source: Config resource 'class path resource [config/post-service.properties]' via location 'classpath:/config/'
2024-12-31T12:58:09.454+0100 INFO  [background-preinit] org.hibernate.validator.internal.util.Version - HV000001: Hibernate Validator 8.0.1.Final
2024-12-31T12:58:09.500+0100 INFO  [main] pxl.be.services.ConfigServiceApplication - Starting ConfigServiceApplication using Java 17.0.5 with PID 10136 (C:\Users\12202466\Documents\SchoolProjecten\project-NickySchobbenPXL\backend-java\NewsArticlePXL\config-service\target\classes started by 12202466 in C:\Users\12202466\Documents\SchoolProjecten\project-NickySchobbenPXL\backend-java\NewsArticlePXL)
2024-12-31T12:58:09.501+0100 INFO  [main] pxl.be.services.ConfigServiceApplication - The following 1 profile is active: "native"
2024-12-31T12:58:10.290+0100 INFO  [main] org.springframework.cloud.context.scope.GenericScope - BeanFactory id=8e11f026-7e91-303e-9a6e-6684c2a108bf
2024-12-31T12:58:10.498+0100 INFO  [main] org.springframework.boot.web.embedded.tomcat.TomcatWebServer - Tomcat initialized with port 8088 (http)
2024-12-31T12:58:10.507+0100 INFO  [main] org.apache.coyote.http11.Http11NioProtocol - Initializing ProtocolHandler ["http-nio-8088"]
2024-12-31T12:58:10.509+0100 INFO  [main] org.apache.catalina.core.StandardService - Starting service [Tomcat]
2024-12-31T12:58:10.510+0100 INFO  [main] org.apache.catalina.core.StandardEngine - Starting Servlet engine: [Apache Tomcat/10.1.31]
2024-12-31T12:58:10.556+0100 INFO  [main] org.apache.catalina.core.ContainerBase.[Tomcat].[localhost].[/] - Initializing Spring embedded WebApplicationContext
2024-12-31T12:58:10.556+0100 INFO  [main] org.springframework.boot.web.servlet.context.ServletWebServerApplicationContext - Root WebApplicationContext: initialization completed in 1021 ms
2024-12-31T12:58:12.236+0100 INFO  [main] org.springframework.cloud.commons.util.InetUtils - Cannot determine local hostname
2024-12-31T12:58:12.349+0100 INFO  [main] org.springframework.boot.actuate.endpoint.web.EndpointLinksResolver - Exposing 1 endpoint beneath base path ''
2024-12-31T12:58:12.389+0100 INFO  [main] org.apache.coyote.http11.Http11NioProtocol - Starting ProtocolHandler ["http-nio-8088"]
2024-12-31T12:58:12.401+0100 INFO  [main] org.springframework.boot.web.embedded.tomcat.TomcatWebServer - Tomcat started on port 8088 (http) with context path '/'
2024-12-31T12:58:13.508+0100 INFO  [main] org.springframework.cloud.commons.util.InetUtils - Cannot determine local hostname
2024-12-31T12:58:13.526+0100 INFO  [main] pxl.be.services.ConfigServiceApplication - Started ConfigServiceApplication in 5.683 seconds (process running for 6.224)
2024-12-31T12:58:14.137+0100 INFO  [RMI TCP Connection(2)-169.254.182.78] org.apache.catalina.core.ContainerBase.[Tomcat].[localhost].[/] - Initializing Spring DispatcherServlet 'dispatcherServlet'
2024-12-31T12:58:14.137+0100 INFO  [RMI TCP Connection(2)-169.254.182.78] org.springframework.web.servlet.DispatcherServlet - Initializing Servlet 'dispatcherServlet'
2024-12-31T12:58:14.138+0100 INFO  [RMI TCP Connection(2)-169.254.182.78] org.springframework.web.servlet.DispatcherServlet - Completed initialization in 1 ms
2024-12-31T12:58:27.042+0100 INFO  [http-nio-8088-exec-1] org.springframework.cloud.config.server.environment.NativeEnvironmentRepository - Adding property source: Config resource 'class path resource [config/post-service.properties]' via location 'classpath:/config/'
2024-12-31T13:03:17.499+0100 INFO  [background-preinit] org.hibernate.validator.internal.util.Version - HV000001: Hibernate Validator 8.0.1.Final
2024-12-31T13:03:17.546+0100 INFO  [main] pxl.be.services.ConfigServiceApplication - Starting ConfigServiceApplication using Java 17.0.5 with PID 13928 (C:\Users\12202466\Documents\SchoolProjecten\project-NickySchobbenPXL\backend-java\NewsArticlePXL\config-service\target\classes started by 12202466 in C:\Users\12202466\Documents\SchoolProjecten\project-NickySchobbenPXL\backend-java\NewsArticlePXL)
2024-12-31T13:03:17.547+0100 INFO  [main] pxl.be.services.ConfigServiceApplication - The following 1 profile is active: "native"
2024-12-31T13:03:18.368+0100 INFO  [main] org.springframework.cloud.context.scope.GenericScope - BeanFactory id=8e11f026-7e91-303e-9a6e-6684c2a108bf
2024-12-31T13:03:18.615+0100 INFO  [main] org.springframework.boot.web.embedded.tomcat.TomcatWebServer - Tomcat initialized with port 8088 (http)
2024-12-31T13:03:18.624+0100 INFO  [main] org.apache.coyote.http11.Http11NioProtocol - Initializing ProtocolHandler ["http-nio-8088"]
2024-12-31T13:03:18.627+0100 INFO  [main] org.apache.catalina.core.StandardService - Starting service [Tomcat]
2024-12-31T13:03:18.627+0100 INFO  [main] org.apache.catalina.core.StandardEngine - Starting Servlet engine: [Apache Tomcat/10.1.31]
2024-12-31T13:03:18.680+0100 INFO  [main] org.apache.catalina.core.ContainerBase.[Tomcat].[localhost].[/] - Initializing Spring embedded WebApplicationContext
2024-12-31T13:03:18.680+0100 INFO  [main] org.springframework.boot.web.servlet.context.ServletWebServerApplicationContext - Root WebApplicationContext: initialization completed in 1100 ms
2024-12-31T13:03:20.401+0100 INFO  [main] org.springframework.cloud.commons.util.InetUtils - Cannot determine local hostname
2024-12-31T13:03:20.509+0100 INFO  [main] org.springframework.boot.actuate.endpoint.web.EndpointLinksResolver - Exposing 1 endpoint beneath base path ''
2024-12-31T13:03:20.553+0100 INFO  [main] org.apache.coyote.http11.Http11NioProtocol - Starting ProtocolHandler ["http-nio-8088"]
2024-12-31T13:03:20.567+0100 INFO  [main] org.springframework.boot.web.embedded.tomcat.TomcatWebServer - Tomcat started on port 8088 (http) with context path '/'
2024-12-31T13:03:21.677+0100 INFO  [main] org.springframework.cloud.commons.util.InetUtils - Cannot determine local hostname
2024-12-31T13:03:21.692+0100 INFO  [main] pxl.be.services.ConfigServiceApplication - Started ConfigServiceApplication in 5.832 seconds (process running for 6.46)
2024-12-31T13:03:22.059+0100 INFO  [RMI TCP Connection(1)-169.254.182.78] org.apache.catalina.core.ContainerBase.[Tomcat].[localhost].[/] - Initializing Spring DispatcherServlet 'dispatcherServlet'
2024-12-31T13:03:22.059+0100 INFO  [RMI TCP Connection(1)-169.254.182.78] org.springframework.web.servlet.DispatcherServlet - Initializing Servlet 'dispatcherServlet'
2024-12-31T13:03:22.060+0100 INFO  [RMI TCP Connection(1)-169.254.182.78] org.springframework.web.servlet.DispatcherServlet - Completed initialization in 1 ms
2024-12-31T13:03:37.214+0100 INFO  [http-nio-8088-exec-1] org.springframework.cloud.config.server.environment.NativeEnvironmentRepository - Adding property source: Config resource 'class path resource [config/post-service.properties]' via location 'classpath:/config/'
2024-12-31T13:05:31.376+0100 INFO  [http-nio-8088-exec-2] org.springframework.cloud.config.server.environment.NativeEnvironmentRepository - Adding property source: Config resource 'class path resource [config/post-service.properties]' via location 'classpath:/config/'
2024-12-31T13:10:29.923+0100 INFO  [background-preinit] org.hibernate.validator.internal.util.Version - HV000001: Hibernate Validator 8.0.1.Final
2024-12-31T13:10:29.975+0100 INFO  [main] pxl.be.services.ConfigServiceApplication - Starting ConfigServiceApplication using Java 17.0.5 with PID 11684 (C:\Users\12202466\Documents\SchoolProjecten\project-NickySchobbenPXL\backend-java\NewsArticlePXL\config-service\target\classes started by 12202466 in C:\Users\12202466\Documents\SchoolProjecten\project-NickySchobbenPXL\backend-java\NewsArticlePXL)
2024-12-31T13:10:29.975+0100 INFO  [main] pxl.be.services.ConfigServiceApplication - The following 1 profile is active: "native"
2024-12-31T13:10:30.794+0100 INFO  [main] org.springframework.cloud.context.scope.GenericScope - BeanFactory id=8e11f026-7e91-303e-9a6e-6684c2a108bf
2024-12-31T13:10:31.008+0100 INFO  [main] org.springframework.boot.web.embedded.tomcat.TomcatWebServer - Tomcat initialized with port 8088 (http)
2024-12-31T13:10:31.016+0100 INFO  [main] org.apache.coyote.http11.Http11NioProtocol - Initializing ProtocolHandler ["http-nio-8088"]
2024-12-31T13:10:31.019+0100 INFO  [main] org.apache.catalina.core.StandardService - Starting service [Tomcat]
2024-12-31T13:10:31.019+0100 INFO  [main] org.apache.catalina.core.StandardEngine - Starting Servlet engine: [Apache Tomcat/10.1.31]
2024-12-31T13:10:31.067+0100 INFO  [main] org.apache.catalina.core.ContainerBase.[Tomcat].[localhost].[/] - Initializing Spring embedded WebApplicationContext
2024-12-31T13:10:31.067+0100 INFO  [main] org.springframework.boot.web.servlet.context.ServletWebServerApplicationContext - Root WebApplicationContext: initialization completed in 1058 ms
2024-12-31T13:10:32.771+0100 INFO  [main] org.springframework.cloud.commons.util.InetUtils - Cannot determine local hostname
2024-12-31T13:10:32.885+0100 INFO  [main] org.springframework.boot.actuate.endpoint.web.EndpointLinksResolver - Exposing 1 endpoint beneath base path ''
2024-12-31T13:10:32.932+0100 INFO  [main] org.apache.coyote.http11.Http11NioProtocol - Starting ProtocolHandler ["http-nio-8088"]
2024-12-31T13:10:32.946+0100 INFO  [main] org.springframework.boot.web.embedded.tomcat.TomcatWebServer - Tomcat started on port 8088 (http) with context path '/'
2024-12-31T13:10:34.059+0100 INFO  [main] org.springframework.cloud.commons.util.InetUtils - Cannot determine local hostname
2024-12-31T13:10:34.077+0100 INFO  [main] pxl.be.services.ConfigServiceApplication - Started ConfigServiceApplication in 5.753 seconds (process running for 6.371)
2024-12-31T13:10:34.591+0100 INFO  [RMI TCP Connection(3)-169.254.182.78] org.apache.catalina.core.ContainerBase.[Tomcat].[localhost].[/] - Initializing Spring DispatcherServlet 'dispatcherServlet'
2024-12-31T13:10:34.591+0100 INFO  [RMI TCP Connection(3)-169.254.182.78] org.springframework.web.servlet.DispatcherServlet - Initializing Servlet 'dispatcherServlet'
2024-12-31T13:10:34.592+0100 INFO  [RMI TCP Connection(3)-169.254.182.78] org.springframework.web.servlet.DispatcherServlet - Completed initialization in 1 ms
2024-12-31T13:11:04.597+0100 INFO  [http-nio-8088-exec-1] org.springframework.cloud.config.server.environment.NativeEnvironmentRepository - Adding property source: Config resource 'class path resource [config/post-service.properties]' via location 'classpath:/config/'
2024-12-31T13:12:56.888+0100 INFO  [http-nio-8088-exec-3] org.springframework.cloud.config.server.environment.NativeEnvironmentRepository - Adding property source: Config resource 'class path resource [config/post-service.properties]' via location 'classpath:/config/'
2024-12-31T13:14:13.065+0100 INFO  [http-nio-8088-exec-6] org.springframework.cloud.config.server.environment.NativeEnvironmentRepository - Adding property source: Config resource 'class path resource [config/post-service.properties]' via location 'classpath:/config/'
2024-12-31T13:20:08.345+0100 INFO  [background-preinit] org.hibernate.validator.internal.util.Version - HV000001: Hibernate Validator 8.0.1.Final
2024-12-31T13:20:08.388+0100 INFO  [main] pxl.be.services.ConfigServiceApplication - Starting ConfigServiceApplication using Java 17.0.5 with PID 21748 (C:\Users\12202466\Documents\SchoolProjecten\project-NickySchobbenPXL\backend-java\NewsArticlePXL\config-service\target\classes started by 12202466 in C:\Users\12202466\Documents\SchoolProjecten\project-NickySchobbenPXL\backend-java\NewsArticlePXL)
2024-12-31T13:20:08.389+0100 INFO  [main] pxl.be.services.ConfigServiceApplication - The following 1 profile is active: "native"
2024-12-31T13:20:09.234+0100 INFO  [main] org.springframework.cloud.context.scope.GenericScope - BeanFactory id=8e11f026-7e91-303e-9a6e-6684c2a108bf
2024-12-31T13:20:09.471+0100 INFO  [main] org.springframework.boot.web.embedded.tomcat.TomcatWebServer - Tomcat initialized with port 8088 (http)
2024-12-31T13:20:09.480+0100 INFO  [main] org.apache.coyote.http11.Http11NioProtocol - Initializing ProtocolHandler ["http-nio-8088"]
2024-12-31T13:20:09.483+0100 INFO  [main] org.apache.catalina.core.StandardService - Starting service [Tomcat]
2024-12-31T13:20:09.483+0100 INFO  [main] org.apache.catalina.core.StandardEngine - Starting Servlet engine: [Apache Tomcat/10.1.31]
2024-12-31T13:20:09.547+0100 INFO  [main] org.apache.catalina.core.ContainerBase.[Tomcat].[localhost].[/] - Initializing Spring embedded WebApplicationContext
2024-12-31T13:20:09.548+0100 INFO  [main] org.springframework.boot.web.servlet.context.ServletWebServerApplicationContext - Root WebApplicationContext: initialization completed in 1122 ms
2024-12-31T13:20:11.264+0100 INFO  [main] org.springframework.cloud.commons.util.InetUtils - Cannot determine local hostname
2024-12-31T13:20:11.384+0100 INFO  [main] org.springframework.boot.actuate.endpoint.web.EndpointLinksResolver - Exposing 1 endpoint beneath base path ''
2024-12-31T13:20:11.429+0100 INFO  [main] org.apache.coyote.http11.Http11NioProtocol - Starting ProtocolHandler ["http-nio-8088"]
2024-12-31T13:20:11.443+0100 INFO  [main] org.springframework.boot.web.embedded.tomcat.TomcatWebServer - Tomcat started on port 8088 (http) with context path '/'
2024-12-31T13:20:12.562+0100 INFO  [main] org.springframework.cloud.commons.util.InetUtils - Cannot determine local hostname
2024-12-31T13:20:12.580+0100 INFO  [main] pxl.be.services.ConfigServiceApplication - Started ConfigServiceApplication in 5.913 seconds (process running for 6.529)
2024-12-31T13:20:12.892+0100 INFO  [RMI TCP Connection(1)-169.254.182.78] org.apache.catalina.core.ContainerBase.[Tomcat].[localhost].[/] - Initializing Spring DispatcherServlet 'dispatcherServlet'
2024-12-31T13:20:12.893+0100 INFO  [RMI TCP Connection(1)-169.254.182.78] org.springframework.web.servlet.DispatcherServlet - Initializing Servlet 'dispatcherServlet'
2024-12-31T13:20:12.895+0100 INFO  [RMI TCP Connection(1)-169.254.182.78] org.springframework.web.servlet.DispatcherServlet - Completed initialization in 2 ms
2024-12-31T13:23:50.608+0100 INFO  [background-preinit] org.hibernate.validator.internal.util.Version - HV000001: Hibernate Validator 8.0.1.Final
2024-12-31T13:23:50.646+0100 INFO  [main] pxl.be.services.ConfigServiceApplication - Starting ConfigServiceApplication using Java 17.0.5 with PID 16812 (C:\Users\12202466\Documents\SchoolProjecten\project-NickySchobbenPXL\backend-java\NewsArticlePXL\config-service\target\classes started by 12202466 in C:\Users\12202466\Documents\SchoolProjecten\project-NickySchobbenPXL\backend-java\NewsArticlePXL)
2024-12-31T13:23:50.646+0100 INFO  [main] pxl.be.services.ConfigServiceApplication - The following 1 profile is active: "native"
2024-12-31T13:23:51.449+0100 INFO  [main] org.springframework.cloud.context.scope.GenericScope - BeanFactory id=8e11f026-7e91-303e-9a6e-6684c2a108bf
2024-12-31T13:23:51.648+0100 INFO  [main] org.springframework.boot.web.embedded.tomcat.TomcatWebServer - Tomcat initialized with port 8088 (http)
2024-12-31T13:23:51.656+0100 INFO  [main] org.apache.coyote.http11.Http11NioProtocol - Initializing ProtocolHandler ["http-nio-8088"]
2024-12-31T13:23:51.658+0100 INFO  [main] org.apache.catalina.core.StandardService - Starting service [Tomcat]
2024-12-31T13:23:51.659+0100 INFO  [main] org.apache.catalina.core.StandardEngine - Starting Servlet engine: [Apache Tomcat/10.1.31]
2024-12-31T13:23:51.706+0100 INFO  [main] org.apache.catalina.core.ContainerBase.[Tomcat].[localhost].[/] - Initializing Spring embedded WebApplicationContext
2024-12-31T13:23:51.707+0100 INFO  [main] org.springframework.boot.web.servlet.context.ServletWebServerApplicationContext - Root WebApplicationContext: initialization completed in 1027 ms
2024-12-31T13:23:53.387+0100 INFO  [main] org.springframework.cloud.commons.util.InetUtils - Cannot determine local hostname
2024-12-31T13:23:53.491+0100 INFO  [main] org.springframework.boot.actuate.endpoint.web.EndpointLinksResolver - Exposing 1 endpoint beneath base path ''
2024-12-31T13:23:53.532+0100 INFO  [main] org.apache.coyote.http11.Http11NioProtocol - Starting ProtocolHandler ["http-nio-8088"]
2024-12-31T13:23:53.545+0100 INFO  [main] org.springframework.boot.web.embedded.tomcat.TomcatWebServer - Tomcat started on port 8088 (http) with context path '/'
2024-12-31T13:23:54.665+0100 INFO  [main] org.springframework.cloud.commons.util.InetUtils - Cannot determine local hostname
2024-12-31T13:23:54.682+0100 INFO  [main] pxl.be.services.ConfigServiceApplication - Started ConfigServiceApplication in 5.677 seconds (process running for 6.225)
2024-12-31T13:23:55.305+0100 INFO  [RMI TCP Connection(2)-169.254.182.78] org.apache.catalina.core.ContainerBase.[Tomcat].[localhost].[/] - Initializing Spring DispatcherServlet 'dispatcherServlet'
2024-12-31T13:23:55.305+0100 INFO  [RMI TCP Connection(2)-169.254.182.78] org.springframework.web.servlet.DispatcherServlet - Initializing Servlet 'dispatcherServlet'
2024-12-31T13:23:55.306+0100 INFO  [RMI TCP Connection(2)-169.254.182.78] org.springframework.web.servlet.DispatcherServlet - Completed initialization in 1 ms
2024-12-31T13:24:23.838+0100 INFO  [http-nio-8088-exec-1] org.springframework.cloud.config.server.environment.NativeEnvironmentRepository - Adding property source: Config resource 'class path resource [config/review-service.properties]' via location 'classpath:/config/'
2024-12-31T13:24:49.439+0100 INFO  [http-nio-8088-exec-6] org.springframework.cloud.config.server.environment.NativeEnvironmentRepository - Adding property source: Config resource 'class path resource [config/notification-service.properties]' via location 'classpath:/config/'
2024-12-31T13:25:42.614+0100 INFO  [http-nio-8088-exec-5] org.springframework.cloud.config.server.environment.NativeEnvironmentRepository - Adding property source: Config resource 'class path resource [config/notification-service.properties]' via location 'classpath:/config/'
2024-12-31T13:26:47.902+0100 INFO  [http-nio-8088-exec-7] org.springframework.cloud.config.server.environment.NativeEnvironmentRepository - Adding property source: Config resource 'class path resource [config/notification-service.properties]' via location 'classpath:/config/'
2024-12-31T13:28:01.800+0100 INFO  [http-nio-8088-exec-10] org.springframework.cloud.config.server.environment.NativeEnvironmentRepository - Adding property source: Config resource 'class path resource [config/notification-service.properties]' via location 'classpath:/config/'
2024-12-31T13:28:29.220+0100 INFO  [http-nio-8088-exec-1] org.springframework.cloud.config.server.environment.NativeEnvironmentRepository - Adding property source: Config resource 'class path resource [config/notification-service.properties]' via location 'classpath:/config/'
2024-12-31T13:29:13.056+0100 INFO  [background-preinit] org.hibernate.validator.internal.util.Version - HV000001: Hibernate Validator 8.0.1.Final
2024-12-31T13:29:13.093+0100 INFO  [main] pxl.be.services.ConfigServiceApplication - Starting ConfigServiceApplication using Java 17.0.5 with PID 3948 (C:\Users\12202466\Documents\SchoolProjecten\project-NickySchobbenPXL\backend-java\NewsArticlePXL\config-service\target\classes started by 12202466 in C:\Users\12202466\Documents\SchoolProjecten\project-NickySchobbenPXL\backend-java\NewsArticlePXL)
2024-12-31T13:29:13.094+0100 INFO  [main] pxl.be.services.ConfigServiceApplication - The following 1 profile is active: "native"
2024-12-31T13:29:13.881+0100 INFO  [main] org.springframework.cloud.context.scope.GenericScope - BeanFactory id=8e11f026-7e91-303e-9a6e-6684c2a108bf
2024-12-31T13:29:14.095+0100 INFO  [main] org.springframework.boot.web.embedded.tomcat.TomcatWebServer - Tomcat initialized with port 8088 (http)
2024-12-31T13:29:14.103+0100 INFO  [main] org.apache.coyote.http11.Http11NioProtocol - Initializing ProtocolHandler ["http-nio-8088"]
2024-12-31T13:29:14.106+0100 INFO  [main] org.apache.catalina.core.StandardService - Starting service [Tomcat]
2024-12-31T13:29:14.106+0100 INFO  [main] org.apache.catalina.core.StandardEngine - Starting Servlet engine: [Apache Tomcat/10.1.31]
2024-12-31T13:29:14.157+0100 INFO  [main] org.apache.catalina.core.ContainerBase.[Tomcat].[localhost].[/] - Initializing Spring embedded WebApplicationContext
2024-12-31T13:29:14.157+0100 INFO  [main] org.springframework.boot.web.servlet.context.ServletWebServerApplicationContext - Root WebApplicationContext: initialization completed in 1026 ms
2024-12-31T13:29:15.874+0100 INFO  [main] org.springframework.cloud.commons.util.InetUtils - Cannot determine local hostname
2024-12-31T13:29:15.977+0100 INFO  [main] org.springframework.boot.actuate.endpoint.web.EndpointLinksResolver - Exposing 1 endpoint beneath base path ''
2024-12-31T13:29:16.021+0100 INFO  [main] org.apache.coyote.http11.Http11NioProtocol - Starting ProtocolHandler ["http-nio-8088"]
2024-12-31T13:29:16.035+0100 INFO  [main] org.springframework.boot.web.embedded.tomcat.TomcatWebServer - Tomcat started on port 8088 (http) with context path '/'
2024-12-31T13:29:17.148+0100 INFO  [main] org.springframework.cloud.commons.util.InetUtils - Cannot determine local hostname
2024-12-31T13:29:17.164+0100 INFO  [main] pxl.be.services.ConfigServiceApplication - Started ConfigServiceApplication in 5.677 seconds (process running for 6.184)
2024-12-31T13:29:17.807+0100 INFO  [RMI TCP Connection(2)-169.254.182.78] org.apache.catalina.core.ContainerBase.[Tomcat].[localhost].[/] - Initializing Spring DispatcherServlet 'dispatcherServlet'
2024-12-31T13:29:17.807+0100 INFO  [RMI TCP Connection(2)-169.254.182.78] org.springframework.web.servlet.DispatcherServlet - Initializing Servlet 'dispatcherServlet'
2024-12-31T13:29:17.810+0100 INFO  [RMI TCP Connection(2)-169.254.182.78] org.springframework.web.servlet.DispatcherServlet - Completed initialization in 2 ms
2024-12-31T13:30:12.521+0100 INFO  [background-preinit] org.hibernate.validator.internal.util.Version - HV000001: Hibernate Validator 8.0.1.Final
2024-12-31T13:30:12.563+0100 INFO  [main] pxl.be.services.ConfigServiceApplication - Starting ConfigServiceApplication using Java 17.0.5 with PID 12420 (C:\Users\12202466\Documents\SchoolProjecten\project-NickySchobbenPXL\backend-java\NewsArticlePXL\config-service\target\classes started by 12202466 in C:\Users\12202466\Documents\SchoolProjecten\project-NickySchobbenPXL\backend-java\NewsArticlePXL)
2024-12-31T13:30:12.564+0100 INFO  [main] pxl.be.services.ConfigServiceApplication - The following 1 profile is active: "native"
2024-12-31T13:30:13.355+0100 INFO  [main] org.springframework.cloud.context.scope.GenericScope - BeanFactory id=8e11f026-7e91-303e-9a6e-6684c2a108bf
2024-12-31T13:30:13.565+0100 INFO  [main] org.springframework.boot.web.embedded.tomcat.TomcatWebServer - Tomcat initialized with port 8088 (http)
2024-12-31T13:30:13.573+0100 INFO  [main] org.apache.coyote.http11.Http11NioProtocol - Initializing ProtocolHandler ["http-nio-8088"]
2024-12-31T13:30:13.575+0100 INFO  [main] org.apache.catalina.core.StandardService - Starting service [Tomcat]
2024-12-31T13:30:13.575+0100 INFO  [main] org.apache.catalina.core.StandardEngine - Starting Servlet engine: [Apache Tomcat/10.1.31]
2024-12-31T13:30:13.622+0100 INFO  [main] org.apache.catalina.core.ContainerBase.[Tomcat].[localhost].[/] - Initializing Spring embedded WebApplicationContext
2024-12-31T13:30:13.623+0100 INFO  [main] org.springframework.boot.web.servlet.context.ServletWebServerApplicationContext - Root WebApplicationContext: initialization completed in 1024 ms
2024-12-31T13:30:15.304+0100 INFO  [main] org.springframework.cloud.commons.util.InetUtils - Cannot determine local hostname
2024-12-31T13:30:15.400+0100 INFO  [main] org.springframework.boot.actuate.endpoint.web.EndpointLinksResolver - Exposing 1 endpoint beneath base path ''
2024-12-31T13:30:15.438+0100 INFO  [main] org.apache.coyote.http11.Http11NioProtocol - Starting ProtocolHandler ["http-nio-8088"]
2024-12-31T13:30:15.451+0100 INFO  [main] org.springframework.boot.web.embedded.tomcat.TomcatWebServer - Tomcat started on port 8088 (http) with context path '/'
2024-12-31T13:30:16.568+0100 INFO  [main] org.springframework.cloud.commons.util.InetUtils - Cannot determine local hostname
2024-12-31T13:30:16.582+0100 INFO  [main] pxl.be.services.ConfigServiceApplication - Started ConfigServiceApplication in 5.654 seconds (process running for 6.239)
2024-12-31T13:30:17.175+0100 INFO  [RMI TCP Connection(1)-169.254.182.78] org.apache.catalina.core.ContainerBase.[Tomcat].[localhost].[/] - Initializing Spring DispatcherServlet 'dispatcherServlet'
2024-12-31T13:30:17.175+0100 INFO  [RMI TCP Connection(1)-169.254.182.78] org.springframework.web.servlet.DispatcherServlet - Initializing Servlet 'dispatcherServlet'
2024-12-31T13:30:17.176+0100 INFO  [RMI TCP Connection(1)-169.254.182.78] org.springframework.web.servlet.DispatcherServlet - Completed initialization in 1 ms
2024-12-31T13:30:44.532+0100 INFO  [http-nio-8088-exec-1] org.springframework.cloud.config.server.environment.NativeEnvironmentRepository - Adding property source: Config resource 'class path resource [config/review-service.properties]' via location 'classpath:/config/'
2024-12-31T13:31:12.492+0100 INFO  [http-nio-8088-exec-8] org.springframework.cloud.config.server.environment.NativeEnvironmentRepository - Adding property source: Config resource 'class path resource [config/notification-service.properties]' via location 'classpath:/config/'
2024-12-31T13:34:04.901+0100 INFO  [http-nio-8088-exec-5] org.springframework.cloud.config.server.environment.NativeEnvironmentRepository - Adding property source: Config resource 'class path resource [config/messaging-service.properties]' via location 'classpath:/config/'
2024-12-31T13:38:05.150+0100 INFO  [http-nio-8088-exec-6] org.springframework.cloud.config.server.environment.NativeEnvironmentRepository - Adding property source: Config resource 'class path resource [config/post-service.properties]' via location 'classpath:/config/'
2024-12-31T13:41:46.653+0100 INFO  [background-preinit] org.hibernate.validator.internal.util.Version - HV000001: Hibernate Validator 8.0.1.Final
2024-12-31T13:41:46.694+0100 INFO  [main] pxl.be.services.ConfigServiceApplication - Starting ConfigServiceApplication using Java 17.0.5 with PID 12100 (C:\Users\12202466\Documents\SchoolProjecten\project-NickySchobbenPXL\backend-java\NewsArticlePXL\config-service\target\classes started by 12202466 in C:\Users\12202466\Documents\SchoolProjecten\project-NickySchobbenPXL\backend-java\NewsArticlePXL)
2024-12-31T13:41:46.695+0100 INFO  [main] pxl.be.services.ConfigServiceApplication - The following 1 profile is active: "native"
2024-12-31T13:41:47.532+0100 INFO  [main] org.springframework.cloud.context.scope.GenericScope - BeanFactory id=8e11f026-7e91-303e-9a6e-6684c2a108bf
2024-12-31T13:41:47.744+0100 INFO  [main] org.springframework.boot.web.embedded.tomcat.TomcatWebServer - Tomcat initialized with port 8088 (http)
2024-12-31T13:41:47.753+0100 INFO  [main] org.apache.coyote.http11.Http11NioProtocol - Initializing ProtocolHandler ["http-nio-8088"]
2024-12-31T13:41:47.755+0100 INFO  [main] org.apache.catalina.core.StandardService - Starting service [Tomcat]
2024-12-31T13:41:47.756+0100 INFO  [main] org.apache.catalina.core.StandardEngine - Starting Servlet engine: [Apache Tomcat/10.1.31]
2024-12-31T13:41:47.800+0100 INFO  [main] org.apache.catalina.core.ContainerBase.[Tomcat].[localhost].[/] - Initializing Spring embedded WebApplicationContext
2024-12-31T13:41:47.800+0100 INFO  [main] org.springframework.boot.web.servlet.context.ServletWebServerApplicationContext - Root WebApplicationContext: initialization completed in 1065 ms
2024-12-31T13:41:49.522+0100 INFO  [main] org.springframework.cloud.commons.util.InetUtils - Cannot determine local hostname
2024-12-31T13:41:49.644+0100 INFO  [main] org.springframework.boot.actuate.endpoint.web.EndpointLinksResolver - Exposing 1 endpoint beneath base path ''
2024-12-31T13:41:49.686+0100 INFO  [main] org.apache.coyote.http11.Http11NioProtocol - Starting ProtocolHandler ["http-nio-8088"]
2024-12-31T13:41:49.700+0100 INFO  [main] org.springframework.boot.web.embedded.tomcat.TomcatWebServer - Tomcat started on port 8088 (http) with context path '/'
2024-12-31T13:41:50.820+0100 INFO  [main] org.springframework.cloud.commons.util.InetUtils - Cannot determine local hostname
2024-12-31T13:41:50.836+0100 INFO  [main] pxl.be.services.ConfigServiceApplication - Started ConfigServiceApplication in 5.832 seconds (process running for 6.372)
2024-12-31T13:41:51.296+0100 INFO  [RMI TCP Connection(3)-169.254.182.78] org.apache.catalina.core.ContainerBase.[Tomcat].[localhost].[/] - Initializing Spring DispatcherServlet 'dispatcherServlet'
2024-12-31T13:41:51.296+0100 INFO  [RMI TCP Connection(3)-169.254.182.78] org.springframework.web.servlet.DispatcherServlet - Initializing Servlet 'dispatcherServlet'
2024-12-31T13:41:51.297+0100 INFO  [RMI TCP Connection(3)-169.254.182.78] org.springframework.web.servlet.DispatcherServlet - Completed initialization in 1 ms
2024-12-31T13:42:01.992+0100 INFO  [http-nio-8088-exec-1] org.springframework.cloud.config.server.environment.NativeEnvironmentRepository - Adding property source: Config resource 'class path resource [config/discovery-service.properties]' via location 'classpath:/config/'
2024-12-31T13:43:00.773+0100 INFO  [http-nio-8088-exec-2] org.springframework.cloud.config.server.environment.NativeEnvironmentRepository - Adding property source: Config resource 'class path resource [config/gateway-service.yml]' via location 'classpath:/config/'
2024-12-31T13:43:33.579+0100 INFO  [http-nio-8088-exec-4] org.springframework.cloud.config.server.environment.NativeEnvironmentRepository - Adding property source: Config resource 'class path resource [config/post-service.properties]' via location 'classpath:/config/'
2024-12-31T13:46:34.626+0100 INFO  [http-nio-8088-exec-3] org.springframework.cloud.config.server.environment.NativeEnvironmentRepository - Adding property source: Config resource 'class path resource [config/review-service.properties]' via location 'classpath:/config/'
2024-12-31T13:47:47.689+0100 INFO  [http-nio-8088-exec-9] org.springframework.cloud.config.server.environment.NativeEnvironmentRepository - Adding property source: Config resource 'class path resource [config/review-service.properties]' via location 'classpath:/config/'
2024-12-31T13:49:51.111+0100 INFO  [http-nio-8088-exec-1] org.springframework.cloud.config.server.environment.NativeEnvironmentRepository - Adding property source: Config resource 'class path resource [config/comment-service.properties]' via location 'classpath:/config/'
2024-12-31T14:16:58.765+0100 INFO  [http-nio-8088-exec-7] org.springframework.cloud.config.server.environment.NativeEnvironmentRepository - Adding property source: Config resource 'class path resource [config/comment-service.properties]' via location 'classpath:/config/'
2024-12-31T14:17:11.323+0100 INFO  [http-nio-8088-exec-4] org.springframework.cloud.config.server.environment.NativeEnvironmentRepository - Adding property source: Config resource 'class path resource [config/post-service.properties]' via location 'classpath:/config/'
2024-12-31T14:17:21.323+0100 INFO  [http-nio-8088-exec-5] org.springframework.cloud.config.server.environment.NativeEnvironmentRepository - Adding property source: Config resource 'class path resource [config/review-service.properties]' via location 'classpath:/config/'
2024-12-31T14:33:51.963+0100 INFO  [http-nio-8088-exec-9] org.springframework.cloud.config.server.environment.NativeEnvironmentRepository - Adding property source: Config resource 'class path resource [config/notification-service.properties]' via location 'classpath:/config/'
2024-12-31T14:34:29.211+0100 INFO  [http-nio-8088-exec-10] org.springframework.cloud.config.server.environment.NativeEnvironmentRepository - Adding property source: Config resource 'class path resource [config/messaging-service.properties]' via location 'classpath:/config/'
2024-12-31T14:41:24.954+0100 INFO  [background-preinit] org.hibernate.validator.internal.util.Version - HV000001: Hibernate Validator 8.0.1.Final
2024-12-31T14:41:24.994+0100 INFO  [main] pxl.be.services.ConfigServiceApplication - Starting ConfigServiceApplication using Java 17.0.5 with PID 19036 (C:\Users\12202466\Documents\SchoolProjecten\project-NickySchobbenPXL\backend-java\NewsArticlePXL\config-service\target\classes started by 12202466 in C:\Users\12202466\Documents\SchoolProjecten\project-NickySchobbenPXL\backend-java\NewsArticlePXL)
2024-12-31T14:41:24.994+0100 INFO  [main] pxl.be.services.ConfigServiceApplication - The following 1 profile is active: "native"
2024-12-31T14:41:25.791+0100 INFO  [main] org.springframework.cloud.context.scope.GenericScope - BeanFactory id=8e11f026-7e91-303e-9a6e-6684c2a108bf
2024-12-31T14:41:25.998+0100 INFO  [main] org.springframework.boot.web.embedded.tomcat.TomcatWebServer - Tomcat initialized with port 8088 (http)
2024-12-31T14:41:26.007+0100 INFO  [main] org.apache.coyote.http11.Http11NioProtocol - Initializing ProtocolHandler ["http-nio-8088"]
2024-12-31T14:41:26.010+0100 INFO  [main] org.apache.catalina.core.StandardService - Starting service [Tomcat]
2024-12-31T14:41:26.010+0100 INFO  [main] org.apache.catalina.core.StandardEngine - Starting Servlet engine: [Apache Tomcat/10.1.31]
2024-12-31T14:41:26.071+0100 INFO  [main] org.apache.catalina.core.ContainerBase.[Tomcat].[localhost].[/] - Initializing Spring embedded WebApplicationContext
2024-12-31T14:41:26.071+0100 INFO  [main] org.springframework.boot.web.servlet.context.ServletWebServerApplicationContext - Root WebApplicationContext: initialization completed in 1042 ms
2024-12-31T14:41:27.756+0100 INFO  [main] org.springframework.cloud.commons.util.InetUtils - Cannot determine local hostname
2024-12-31T14:41:27.859+0100 INFO  [main] org.springframework.boot.actuate.endpoint.web.EndpointLinksResolver - Exposing 1 endpoint beneath base path ''
2024-12-31T14:41:27.899+0100 INFO  [main] org.apache.coyote.http11.Http11NioProtocol - Starting ProtocolHandler ["http-nio-8088"]
2024-12-31T14:41:27.913+0100 INFO  [main] org.springframework.boot.web.embedded.tomcat.TomcatWebServer - Tomcat started on port 8088 (http) with context path '/'
2024-12-31T14:41:29.031+0100 INFO  [main] org.springframework.cloud.commons.util.InetUtils - Cannot determine local hostname
2024-12-31T14:41:29.046+0100 INFO  [main] pxl.be.services.ConfigServiceApplication - Started ConfigServiceApplication in 5.652 seconds (process running for 6.218)
2024-12-31T14:41:29.180+0100 INFO  [RMI TCP Connection(2)-169.254.182.78] org.apache.catalina.core.ContainerBase.[Tomcat].[localhost].[/] - Initializing Spring DispatcherServlet 'dispatcherServlet'
2024-12-31T14:41:29.180+0100 INFO  [RMI TCP Connection(2)-169.254.182.78] org.springframework.web.servlet.DispatcherServlet - Initializing Servlet 'dispatcherServlet'
2024-12-31T14:41:29.181+0100 INFO  [RMI TCP Connection(2)-169.254.182.78] org.springframework.web.servlet.DispatcherServlet - Completed initialization in 1 ms
2024-12-31T14:41:51.960+0100 INFO  [http-nio-8088-exec-1] org.springframework.cloud.config.server.environment.NativeEnvironmentRepository - Adding property source: Config resource 'class path resource [config/messaging-service.properties]' via location 'classpath:/config/'
2024-12-31T14:42:59.995+0100 INFO  [http-nio-8088-exec-4] org.springframework.cloud.config.server.environment.NativeEnvironmentRepository - Adding property source: Config resource 'class path resource [config/notification-service.properties]' via location 'classpath:/config/'
2024-12-31T14:51:15.955+0100 INFO  [background-preinit] org.hibernate.validator.internal.util.Version - HV000001: Hibernate Validator 8.0.1.Final
2024-12-31T14:51:15.996+0100 INFO  [main] pxl.be.services.ConfigServiceApplication - Starting ConfigServiceApplication using Java 17.0.5 with PID 1960 (C:\Users\12202466\Documents\SchoolProjecten\project-NickySchobbenPXL\backend-java\NewsArticlePXL\config-service\target\classes started by 12202466 in C:\Users\12202466\Documents\SchoolProjecten\project-NickySchobbenPXL\backend-java\NewsArticlePXL)
2024-12-31T14:51:15.996+0100 INFO  [main] pxl.be.services.ConfigServiceApplication - The following 1 profile is active: "native"
2024-12-31T14:51:16.789+0100 INFO  [main] org.springframework.cloud.context.scope.GenericScope - BeanFactory id=8e11f026-7e91-303e-9a6e-6684c2a108bf
2024-12-31T14:51:16.996+0100 INFO  [main] org.springframework.boot.web.embedded.tomcat.TomcatWebServer - Tomcat initialized with port 8088 (http)
2024-12-31T14:51:17.008+0100 INFO  [main] org.apache.coyote.http11.Http11NioProtocol - Initializing ProtocolHandler ["http-nio-8088"]
2024-12-31T14:51:17.011+0100 INFO  [main] org.apache.catalina.core.StandardService - Starting service [Tomcat]
2024-12-31T14:51:17.012+0100 INFO  [main] org.apache.catalina.core.StandardEngine - Starting Servlet engine: [Apache Tomcat/10.1.31]
2024-12-31T14:51:17.064+0100 INFO  [main] org.apache.catalina.core.ContainerBase.[Tomcat].[localhost].[/] - Initializing Spring embedded WebApplicationContext
2024-12-31T14:51:17.065+0100 INFO  [main] org.springframework.boot.web.servlet.context.ServletWebServerApplicationContext - Root WebApplicationContext: initialization completed in 1033 ms
2024-12-31T14:51:18.764+0100 INFO  [main] org.springframework.cloud.commons.util.InetUtils - Cannot determine local hostname
2024-12-31T14:51:18.873+0100 INFO  [main] org.springframework.boot.actuate.endpoint.web.EndpointLinksResolver - Exposing 1 endpoint beneath base path ''
2024-12-31T14:51:18.915+0100 INFO  [main] org.apache.coyote.http11.Http11NioProtocol - Starting ProtocolHandler ["http-nio-8088"]
2024-12-31T14:51:18.928+0100 INFO  [main] org.springframework.boot.web.embedded.tomcat.TomcatWebServer - Tomcat started on port 8088 (http) with context path '/'
2024-12-31T14:51:20.063+0100 INFO  [main] org.springframework.cloud.commons.util.InetUtils - Cannot determine local hostname
2024-12-31T14:51:20.082+0100 INFO  [main] pxl.be.services.ConfigServiceApplication - Started ConfigServiceApplication in 5.797 seconds (process running for 6.348)
2024-12-31T14:51:20.615+0100 INFO  [RMI TCP Connection(5)-169.254.182.78] org.apache.catalina.core.ContainerBase.[Tomcat].[localhost].[/] - Initializing Spring DispatcherServlet 'dispatcherServlet'
2024-12-31T14:51:20.616+0100 INFO  [RMI TCP Connection(5)-169.254.182.78] org.springframework.web.servlet.DispatcherServlet - Initializing Servlet 'dispatcherServlet'
2024-12-31T14:51:20.617+0100 INFO  [RMI TCP Connection(5)-169.254.182.78] org.springframework.web.servlet.DispatcherServlet - Completed initialization in 1 ms
2024-12-31T14:51:34.603+0100 INFO  [http-nio-8088-exec-1] org.springframework.cloud.config.server.environment.NativeEnvironmentRepository - Adding property source: Config resource 'class path resource [config/messaging-service.properties]' via location 'classpath:/config/'
2024-12-31T14:55:31.984+0100 INFO  [background-preinit] org.hibernate.validator.internal.util.Version - HV000001: Hibernate Validator 8.0.1.Final
2024-12-31T14:55:32.024+0100 INFO  [main] pxl.be.services.ConfigServiceApplication - Starting ConfigServiceApplication using Java 17.0.5 with PID 24384 (C:\Users\12202466\Documents\SchoolProjecten\project-NickySchobbenPXL\backend-java\NewsArticlePXL\config-service\target\classes started by 12202466 in C:\Users\12202466\Documents\SchoolProjecten\project-NickySchobbenPXL\backend-java\NewsArticlePXL)
2024-12-31T14:55:32.025+0100 INFO  [main] pxl.be.services.ConfigServiceApplication - The following 1 profile is active: "native"
2024-12-31T14:55:32.970+0100 INFO  [main] org.springframework.cloud.context.scope.GenericScope - BeanFactory id=8e11f026-7e91-303e-9a6e-6684c2a108bf
2024-12-31T14:55:33.178+0100 INFO  [main] org.springframework.boot.web.embedded.tomcat.TomcatWebServer - Tomcat initialized with port 8088 (http)
2024-12-31T14:55:33.188+0100 INFO  [main] org.apache.coyote.http11.Http11NioProtocol - Initializing ProtocolHandler ["http-nio-8088"]
2024-12-31T14:55:33.191+0100 INFO  [main] org.apache.catalina.core.StandardService - Starting service [Tomcat]
2024-12-31T14:55:33.191+0100 INFO  [main] org.apache.catalina.core.StandardEngine - Starting Servlet engine: [Apache Tomcat/10.1.31]
2024-12-31T14:55:33.247+0100 INFO  [main] org.apache.catalina.core.ContainerBase.[Tomcat].[localhost].[/] - Initializing Spring embedded WebApplicationContext
2024-12-31T14:55:33.247+0100 INFO  [main] org.springframework.boot.web.servlet.context.ServletWebServerApplicationContext - Root WebApplicationContext: initialization completed in 1187 ms
2024-12-31T14:55:34.957+0100 INFO  [main] org.springframework.cloud.commons.util.InetUtils - Cannot determine local hostname
2024-12-31T14:55:35.065+0100 INFO  [main] org.springframework.boot.actuate.endpoint.web.EndpointLinksResolver - Exposing 1 endpoint beneath base path ''
2024-12-31T14:55:35.111+0100 INFO  [main] org.apache.coyote.http11.Http11NioProtocol - Starting ProtocolHandler ["http-nio-8088"]
2024-12-31T14:55:35.125+0100 INFO  [main] org.springframework.boot.web.embedded.tomcat.TomcatWebServer - Tomcat started on port 8088 (http) with context path '/'
2024-12-31T14:55:36.249+0100 INFO  [main] org.springframework.cloud.commons.util.InetUtils - Cannot determine local hostname
2024-12-31T14:55:36.270+0100 INFO  [main] pxl.be.services.ConfigServiceApplication - Started ConfigServiceApplication in 5.895 seconds (process running for 6.464)
2024-12-31T14:55:36.674+0100 INFO  [RMI TCP Connection(2)-169.254.182.78] org.apache.catalina.core.ContainerBase.[Tomcat].[localhost].[/] - Initializing Spring DispatcherServlet 'dispatcherServlet'
2024-12-31T14:55:36.674+0100 INFO  [RMI TCP Connection(2)-169.254.182.78] org.springframework.web.servlet.DispatcherServlet - Initializing Servlet 'dispatcherServlet'
2024-12-31T14:55:36.675+0100 INFO  [RMI TCP Connection(2)-169.254.182.78] org.springframework.web.servlet.DispatcherServlet - Completed initialization in 1 ms
2024-12-31T15:08:43.820+0100 INFO  [background-preinit] org.hibernate.validator.internal.util.Version - HV000001: Hibernate Validator 8.0.1.Final
2024-12-31T15:08:43.860+0100 INFO  [main] pxl.be.services.ConfigServiceApplication - Starting ConfigServiceApplication using Java 17.0.5 with PID 10008 (C:\Users\12202466\Documents\SchoolProjecten\project-NickySchobbenPXL\backend-java\NewsArticlePXL\config-service\target\classes started by 12202466 in C:\Users\12202466\Documents\SchoolProjecten\project-NickySchobbenPXL\backend-java\NewsArticlePXL)
2024-12-31T15:08:43.860+0100 INFO  [main] pxl.be.services.ConfigServiceApplication - The following 1 profile is active: "native"
2024-12-31T15:08:44.672+0100 INFO  [main] org.springframework.cloud.context.scope.GenericScope - BeanFactory id=8e11f026-7e91-303e-9a6e-6684c2a108bf
2024-12-31T15:08:44.879+0100 INFO  [main] org.springframework.boot.web.embedded.tomcat.TomcatWebServer - Tomcat initialized with port 8088 (http)
2024-12-31T15:08:44.886+0100 INFO  [main] org.apache.coyote.http11.Http11NioProtocol - Initializing ProtocolHandler ["http-nio-8088"]
2024-12-31T15:08:44.888+0100 INFO  [main] org.apache.catalina.core.StandardService - Starting service [Tomcat]
2024-12-31T15:08:44.888+0100 INFO  [main] org.apache.catalina.core.StandardEngine - Starting Servlet engine: [Apache Tomcat/10.1.31]
2024-12-31T15:08:44.938+0100 INFO  [main] org.apache.catalina.core.ContainerBase.[Tomcat].[localhost].[/] - Initializing Spring embedded WebApplicationContext
2024-12-31T15:08:44.939+0100 INFO  [main] org.springframework.boot.web.servlet.context.ServletWebServerApplicationContext - Root WebApplicationContext: initialization completed in 1045 ms
2024-12-31T15:08:46.676+0100 INFO  [main] org.springframework.cloud.commons.util.InetUtils - Cannot determine local hostname
2024-12-31T15:08:46.780+0100 INFO  [main] org.springframework.boot.actuate.endpoint.web.EndpointLinksResolver - Exposing 1 endpoint beneath base path ''
2024-12-31T15:08:46.822+0100 INFO  [main] org.apache.coyote.http11.Http11NioProtocol - Starting ProtocolHandler ["http-nio-8088"]
2024-12-31T15:08:46.835+0100 INFO  [main] org.springframework.boot.web.embedded.tomcat.TomcatWebServer - Tomcat started on port 8088 (http) with context path '/'
2024-12-31T15:08:47.944+0100 INFO  [main] org.springframework.cloud.commons.util.InetUtils - Cannot determine local hostname
2024-12-31T15:08:47.962+0100 INFO  [main] pxl.be.services.ConfigServiceApplication - Started ConfigServiceApplication in 5.758 seconds (process running for 6.32)
2024-12-31T15:08:48.497+0100 INFO  [RMI TCP Connection(2)-169.254.182.78] org.apache.catalina.core.ContainerBase.[Tomcat].[localhost].[/] - Initializing Spring DispatcherServlet 'dispatcherServlet'
2024-12-31T15:08:48.497+0100 INFO  [RMI TCP Connection(2)-169.254.182.78] org.springframework.web.servlet.DispatcherServlet - Initializing Servlet 'dispatcherServlet'
2024-12-31T15:08:48.498+0100 INFO  [RMI TCP Connection(2)-169.254.182.78] org.springframework.web.servlet.DispatcherServlet - Completed initialization in 1 ms
2024-12-31T15:09:15.565+0100 INFO  [http-nio-8088-exec-1] org.springframework.cloud.config.server.environment.NativeEnvironmentRepository - Adding property source: Config resource 'class path resource [config/messaging-service.properties]' via location 'classpath:/config/'
2024-12-31T15:10:23.162+0100 INFO  [background-preinit] org.hibernate.validator.internal.util.Version - HV000001: Hibernate Validator 8.0.1.Final
2024-12-31T15:10:23.205+0100 INFO  [main] pxl.be.services.ConfigServiceApplication - Starting ConfigServiceApplication using Java 17.0.5 with PID 19360 (C:\Users\12202466\Documents\SchoolProjecten\project-NickySchobbenPXL\backend-java\NewsArticlePXL\config-service\target\classes started by 12202466 in C:\Users\12202466\Documents\SchoolProjecten\project-NickySchobbenPXL\backend-java\NewsArticlePXL)
2024-12-31T15:10:23.207+0100 INFO  [main] pxl.be.services.ConfigServiceApplication - The following 1 profile is active: "native"
2024-12-31T15:10:24.039+0100 INFO  [main] org.springframework.cloud.context.scope.GenericScope - BeanFactory id=8e11f026-7e91-303e-9a6e-6684c2a108bf
2024-12-31T15:10:24.263+0100 INFO  [main] org.springframework.boot.web.embedded.tomcat.TomcatWebServer - Tomcat initialized with port 8088 (http)
2024-12-31T15:10:24.270+0100 INFO  [main] org.apache.coyote.http11.Http11NioProtocol - Initializing ProtocolHandler ["http-nio-8088"]
2024-12-31T15:10:24.273+0100 INFO  [main] org.apache.catalina.core.StandardService - Starting service [Tomcat]
2024-12-31T15:10:24.274+0100 INFO  [main] org.apache.catalina.core.StandardEngine - Starting Servlet engine: [Apache Tomcat/10.1.31]
2024-12-31T15:10:24.321+0100 INFO  [main] org.apache.catalina.core.ContainerBase.[Tomcat].[localhost].[/] - Initializing Spring embedded WebApplicationContext
2024-12-31T15:10:24.322+0100 INFO  [main] org.springframework.boot.web.servlet.context.ServletWebServerApplicationContext - Root WebApplicationContext: initialization completed in 1073 ms
2024-12-31T15:10:26.020+0100 INFO  [main] org.springframework.cloud.commons.util.InetUtils - Cannot determine local hostname
2024-12-31T15:10:26.127+0100 INFO  [main] org.springframework.boot.actuate.endpoint.web.EndpointLinksResolver - Exposing 1 endpoint beneath base path ''
2024-12-31T15:10:26.169+0100 INFO  [main] org.apache.coyote.http11.Http11NioProtocol - Starting ProtocolHandler ["http-nio-8088"]
2024-12-31T15:10:26.182+0100 INFO  [main] org.springframework.boot.web.embedded.tomcat.TomcatWebServer - Tomcat started on port 8088 (http) with context path '/'
2024-12-31T15:10:27.298+0100 INFO  [main] org.springframework.cloud.commons.util.InetUtils - Cannot determine local hostname
2024-12-31T15:10:27.318+0100 INFO  [main] pxl.be.services.ConfigServiceApplication - Started ConfigServiceApplication in 5.711 seconds (process running for 6.234)
2024-12-31T15:10:27.940+0100 INFO  [RMI TCP Connection(2)-169.254.182.78] org.apache.catalina.core.ContainerBase.[Tomcat].[localhost].[/] - Initializing Spring DispatcherServlet 'dispatcherServlet'
2024-12-31T15:10:27.940+0100 INFO  [RMI TCP Connection(2)-169.254.182.78] org.springframework.web.servlet.DispatcherServlet - Initializing Servlet 'dispatcherServlet'
2024-12-31T15:10:27.942+0100 INFO  [RMI TCP Connection(2)-169.254.182.78] org.springframework.web.servlet.DispatcherServlet - Completed initialization in 2 ms
2024-12-31T15:10:51.766+0100 INFO  [http-nio-8088-exec-1] org.springframework.cloud.config.server.environment.NativeEnvironmentRepository - Adding property source: Config resource 'class path resource [config/notification-service.properties]' via location 'classpath:/config/'
2024-12-31T15:11:17.736+0100 INFO  [http-nio-8088-exec-2] org.springframework.cloud.config.server.environment.NativeEnvironmentRepository - Adding property source: Config resource 'class path resource [config/review-service.properties]' via location 'classpath:/config/'
2024-12-31T15:12:50.599+0100 INFO  [http-nio-8088-exec-3] org.springframework.cloud.config.server.environment.NativeEnvironmentRepository - Adding property source: Config resource 'class path resource [config/review-service.properties]' via location 'classpath:/config/'
2024-12-31T15:22:26.017+0100 INFO  [http-nio-8088-exec-7] org.springframework.cloud.config.server.environment.NativeEnvironmentRepository - Adding property source: Config resource 'class path resource [config/notification-service.properties]' via location 'classpath:/config/'
2024-12-31T15:23:09.630+0100 INFO  [http-nio-8088-exec-8] org.springframework.cloud.config.server.environment.NativeEnvironmentRepository - Adding property source: Config resource 'class path resource [config/review-service.properties]' via location 'classpath:/config/'
2024-12-31T15:26:54.633+0100 INFO  [http-nio-8088-exec-1] org.springframework.cloud.config.server.environment.NativeEnvironmentRepository - Adding property source: Config resource 'class path resource [config/messaging-service.properties]' via location 'classpath:/config/'
2024-12-31T15:41:57.420+0100 INFO  [http-nio-8088-exec-5] org.springframework.cloud.config.server.environment.NativeEnvironmentRepository - Adding property source: Config resource 'class path resource [config/messaging-service.properties]' via location 'classpath:/config/'
2024-12-31T15:43:07.027+0100 INFO  [http-nio-8088-exec-3] org.springframework.cloud.config.server.environment.NativeEnvironmentRepository - Adding property source: Config resource 'class path resource [config/notification-service.properties]' via location 'classpath:/config/'
2024-12-31T15:43:14.992+0100 INFO  [http-nio-8088-exec-6] org.springframework.cloud.config.server.environment.NativeEnvironmentRepository - Adding property source: Config resource 'class path resource [config/review-service.properties]' via location 'classpath:/config/'
2024-12-31T15:47:13.076+0100 INFO  [http-nio-8088-exec-9] org.springframework.cloud.config.server.environment.NativeEnvironmentRepository - Adding property source: Config resource 'class path resource [config/notification-service.properties]' via location 'classpath:/config/'
2024-12-31T15:49:11.640+0100 INFO  [http-nio-8088-exec-1] org.springframework.cloud.config.server.environment.NativeEnvironmentRepository - Adding property source: Config resource 'class path resource [config/notification-service.properties]' via location 'classpath:/config/'
2024-12-31T16:01:39.886+0100 INFO  [http-nio-8088-exec-5] org.springframework.cloud.config.server.environment.NativeEnvironmentRepository - Adding property source: Config resource 'class path resource [config/messaging-service.properties]' via location 'classpath:/config/'
2024-12-31T16:01:58.158+0100 INFO  [http-nio-8088-exec-4] org.springframework.cloud.config.server.environment.NativeEnvironmentRepository - Adding property source: Config resource 'class path resource [config/notification-service.properties]' via location 'classpath:/config/'
2024-12-31T16:02:16.544+0100 INFO  [http-nio-8088-exec-3] org.springframework.cloud.config.server.environment.NativeEnvironmentRepository - Adding property source: Config resource 'class path resource [config/review-service.properties]' via location 'classpath:/config/'
2024-12-31T19:25:14.600+0100 INFO  [background-preinit] org.hibernate.validator.internal.util.Version - HV000001: Hibernate Validator 8.0.1.Final
2024-12-31T19:25:14.675+0100 INFO  [main] pxl.be.services.ConfigServiceApplication - Starting ConfigServiceApplication using Java 17.0.5 with PID 14960 (C:\Users\12202466\Documents\SchoolProjecten\project-NickySchobbenPXL\backend-java\NewsArticlePXL\config-service\target\classes started by 12202466 in C:\Users\12202466\Documents\SchoolProjecten\project-NickySchobbenPXL\backend-java\NewsArticlePXL)
2024-12-31T19:25:14.675+0100 INFO  [main] pxl.be.services.ConfigServiceApplication - The following 1 profile is active: "native"
2024-12-31T19:25:15.798+0100 INFO  [main] org.springframework.cloud.context.scope.GenericScope - BeanFactory id=8e11f026-7e91-303e-9a6e-6684c2a108bf
2024-12-31T19:25:16.121+0100 INFO  [main] org.springframework.boot.web.embedded.tomcat.TomcatWebServer - Tomcat initialized with port 8088 (http)
2024-12-31T19:25:16.137+0100 INFO  [main] org.apache.coyote.http11.Http11NioProtocol - Initializing ProtocolHandler ["http-nio-8088"]
2024-12-31T19:25:16.141+0100 INFO  [main] org.apache.catalina.core.StandardService - Starting service [Tomcat]
2024-12-31T19:25:16.141+0100 INFO  [main] org.apache.catalina.core.StandardEngine - Starting Servlet engine: [Apache Tomcat/10.1.31]
2024-12-31T19:25:16.226+0100 INFO  [main] org.apache.catalina.core.ContainerBase.[Tomcat].[localhost].[/] - Initializing Spring embedded WebApplicationContext
2024-12-31T19:25:16.226+0100 INFO  [main] org.springframework.boot.web.servlet.context.ServletWebServerApplicationContext - Root WebApplicationContext: initialization completed in 1506 ms
2024-12-31T19:25:18.360+0100 INFO  [main] org.springframework.cloud.commons.util.InetUtils - Cannot determine local hostname
2024-12-31T19:25:18.537+0100 INFO  [main] org.springframework.boot.actuate.endpoint.web.EndpointLinksResolver - Exposing 1 endpoint beneath base path ''
2024-12-31T19:25:18.602+0100 INFO  [main] org.apache.coyote.http11.Http11NioProtocol - Starting ProtocolHandler ["http-nio-8088"]
2024-12-31T19:25:18.607+0100 WARN  [main] org.springframework.boot.web.servlet.context.AnnotationConfigServletWebServerApplicationContext - Exception encountered during context initialization - cancelling refresh attempt: org.springframework.context.ApplicationContextException: Failed to start bean 'webServerStartStop'
2024-12-31T19:25:18.639+0100 INFO  [main] org.springframework.boot.autoconfigure.logging.ConditionEvaluationReportLogger - 

Error starting ApplicationContext. To display the condition evaluation report re-run your application with 'debug' enabled.
2024-12-31T19:25:18.661+0100 ERROR [main] org.springframework.boot.diagnostics.LoggingFailureAnalysisReporter - 

***************************
APPLICATION FAILED TO START
***************************

Description:

Web server failed to start. Port 8088 was already in use.

Action:

Identify and stop the process that's listening on port 8088 or configure this application to listen on another port.

2024-12-31T19:25:43.302+0100 INFO  [background-preinit] org.hibernate.validator.internal.util.Version - HV000001: Hibernate Validator 8.0.1.Final
2024-12-31T19:25:43.376+0100 INFO  [main] pxl.be.services.ConfigServiceApplication - Starting ConfigServiceApplication using Java 17.0.5 with PID 9456 (C:\Users\12202466\Documents\SchoolProjecten\project-NickySchobbenPXL\backend-java\NewsArticlePXL\config-service\target\classes started by 12202466 in C:\Users\12202466\Documents\SchoolProjecten\project-NickySchobbenPXL\backend-java\NewsArticlePXL)
2024-12-31T19:25:43.377+0100 INFO  [main] pxl.be.services.ConfigServiceApplication - The following 1 profile is active: "native"
2024-12-31T19:25:44.412+0100 INFO  [main] org.springframework.cloud.context.scope.GenericScope - BeanFactory id=8e11f026-7e91-303e-9a6e-6684c2a108bf
2024-12-31T19:25:44.670+0100 INFO  [main] org.springframework.boot.web.embedded.tomcat.TomcatWebServer - Tomcat initialized with port 8088 (http)
2024-12-31T19:25:44.679+0100 INFO  [main] org.apache.coyote.http11.Http11NioProtocol - Initializing ProtocolHandler ["http-nio-8088"]
2024-12-31T19:25:44.682+0100 INFO  [main] org.apache.catalina.core.StandardService - Starting service [Tomcat]
2024-12-31T19:25:44.683+0100 INFO  [main] org.apache.catalina.core.StandardEngine - Starting Servlet engine: [Apache Tomcat/10.1.31]
2024-12-31T19:25:44.751+0100 INFO  [main] org.apache.catalina.core.ContainerBase.[Tomcat].[localhost].[/] - Initializing Spring embedded WebApplicationContext
2024-12-31T19:25:44.752+0100 INFO  [main] org.springframework.boot.web.servlet.context.ServletWebServerApplicationContext - Root WebApplicationContext: initialization completed in 1308 ms
2024-12-31T19:25:46.621+0100 INFO  [main] org.springframework.cloud.commons.util.InetUtils - Cannot determine local hostname
2024-12-31T19:25:46.757+0100 INFO  [main] org.springframework.boot.actuate.endpoint.web.EndpointLinksResolver - Exposing 1 endpoint beneath base path ''
2024-12-31T19:25:46.814+0100 INFO  [main] org.apache.coyote.http11.Http11NioProtocol - Starting ProtocolHandler ["http-nio-8088"]
2024-12-31T19:25:46.837+0100 INFO  [main] org.springframework.boot.web.embedded.tomcat.TomcatWebServer - Tomcat started on port 8088 (http) with context path '/'
2024-12-31T19:25:47.990+0100 INFO  [main] org.springframework.cloud.commons.util.InetUtils - Cannot determine local hostname
2024-12-31T19:25:48.010+0100 INFO  [main] pxl.be.services.ConfigServiceApplication - Started ConfigServiceApplication in 6.465 seconds (process running for 7.085)
2024-12-31T19:25:48.333+0100 INFO  [RMI TCP Connection(1)-169.254.182.78] org.apache.catalina.core.ContainerBase.[Tomcat].[localhost].[/] - Initializing Spring DispatcherServlet 'dispatcherServlet'
2024-12-31T19:25:48.334+0100 INFO  [RMI TCP Connection(1)-169.254.182.78] org.springframework.web.servlet.DispatcherServlet - Initializing Servlet 'dispatcherServlet'
2024-12-31T19:25:48.336+0100 INFO  [RMI TCP Connection(1)-169.254.182.78] org.springframework.web.servlet.DispatcherServlet - Completed initialization in 2 ms
2024-12-31T19:25:56.685+0100 INFO  [http-nio-8088-exec-1] org.springframework.cloud.config.server.environment.NativeEnvironmentRepository - Adding property source: Config resource 'class path resource [config/discovery-service.properties]' via location 'classpath:/config/'
2024-12-31T19:26:13.048+0100 INFO  [http-nio-8088-exec-3] org.springframework.cloud.config.server.environment.NativeEnvironmentRepository - Adding property source: Config resource 'class path resource [config/gateway-service.yml]' via location 'classpath:/config/'
2024-12-31T19:26:34.662+0100 INFO  [http-nio-8088-exec-2] org.springframework.cloud.config.server.environment.NativeEnvironmentRepository - Adding property source: Config resource 'class path resource [config/review-service.properties]' via location 'classpath:/config/'
2024-12-31T19:26:44.289+0100 INFO  [http-nio-8088-exec-5] org.springframework.cloud.config.server.environment.NativeEnvironmentRepository - Adding property source: Config resource 'class path resource [config/messaging-service.properties]' via location 'classpath:/config/'
2024-12-31T19:28:23.170+0100 INFO  [http-nio-8088-exec-9] org.springframework.cloud.config.server.environment.NativeEnvironmentRepository - Adding property source: Config resource 'class path resource [config/messaging-service.properties]' via location 'classpath:/config/'
2024-12-31T19:28:31.335+0100 INFO  [http-nio-8088-exec-10] org.springframework.cloud.config.server.environment.NativeEnvironmentRepository - Adding property source: Config resource 'class path resource [config/review-service.properties]' via location 'classpath:/config/'
2024-12-31T19:28:51.421+0100 INFO  [http-nio-8088-exec-1] org.springframework.cloud.config.server.environment.NativeEnvironmentRepository - Adding property source: Config resource 'class path resource [config/notification-service.properties]' via location 'classpath:/config/'
2024-12-31T19:29:15.521+0100 INFO  [http-nio-8088-exec-3] org.springframework.cloud.config.server.environment.NativeEnvironmentRepository - Adding property source: Config resource 'class path resource [config/post-service.properties]' via location 'classpath:/config/'
