2024-12-30T22:30:32.439+0100 INFO  [background-preinit] org.hibernate.validator.internal.util.Version - HV000001: Hibernate Validator 8.0.1.Final
2024-12-30T22:30:32.491+0100 INFO  [main] pxl.be.services.ConfigServiceApplication - Starting ConfigServiceApplication using Java 17.0.5 with PID 12800 (C:\Users\12202466\Documents\SchoolProjecten\project-NickySchobbenPXL\backend-java\NewsArticlePXL\config-service\target\classes started by 12202466 in C:\Users\12202466\Documents\SchoolProjecten\project-NickySchobbenPXL\backend-java\NewsArticlePXL)
2024-12-30T22:30:32.491+0100 INFO  [main] pxl.be.services.ConfigServiceApplication - The following 1 profile is active: "native"
2024-12-30T22:30:33.460+0100 INFO  [main] org.springframework.cloud.context.scope.GenericScope - BeanFactory id=8e11f026-7e91-303e-9a6e-6684c2a108bf
2024-12-30T22:30:33.727+0100 INFO  [main] org.springframework.boot.web.embedded.tomcat.TomcatWebServer - Tomcat initialized with port 8088 (http)
2024-12-30T22:30:33.738+0100 INFO  [main] org.apache.coyote.http11.Http11NioProtocol - Initializing ProtocolHandler ["http-nio-8088"]
2024-12-30T22:30:33.742+0100 INFO  [main] org.apache.catalina.core.StandardService - Starting service [Tomcat]
2024-12-30T22:30:33.742+0100 INFO  [main] org.apache.catalina.core.StandardEngine - Starting Servlet engine: [Apache Tomcat/10.1.31]
2024-12-30T22:30:33.803+0100 INFO  [main] org.apache.catalina.core.ContainerBase.[Tomcat].[localhost].[/] - Initializing Spring embedded WebApplicationContext
2024-12-30T22:30:33.804+0100 INFO  [main] org.springframework.boot.web.servlet.context.ServletWebServerApplicationContext - Root WebApplicationContext: initialization completed in 1267 ms
2024-12-30T22:30:35.567+0100 INFO  [main] org.springframework.cloud.commons.util.InetUtils - Cannot determine local hostname
2024-12-30T22:30:35.691+0100 INFO  [main] org.springframework.boot.actuate.endpoint.web.EndpointLinksResolver - Exposing 1 endpoint beneath base path ''
2024-12-30T22:30:35.736+0100 INFO  [main] org.apache.coyote.http11.Http11NioProtocol - Starting ProtocolHandler ["http-nio-8088"]
2024-12-30T22:30:35.752+0100 INFO  [main] org.springframework.boot.web.embedded.tomcat.TomcatWebServer - Tomcat started on port 8088 (http) with context path '/'
2024-12-30T22:30:36.866+0100 INFO  [main] org.springframework.cloud.commons.util.InetUtils - Cannot determine local hostname
2024-12-30T22:30:36.885+0100 INFO  [main] pxl.be.services.ConfigServiceApplication - Started ConfigServiceApplication in 6.147 seconds (process running for 6.786)
2024-12-30T22:30:37.092+0100 INFO  [RMI TCP Connection(3)-169.254.182.78] org.apache.catalina.core.ContainerBase.[Tomcat].[localhost].[/] - Initializing Spring DispatcherServlet 'dispatcherServlet'
2024-12-30T22:30:37.092+0100 INFO  [RMI TCP Connection(3)-169.254.182.78] org.springframework.web.servlet.DispatcherServlet - Initializing Servlet 'dispatcherServlet'
2024-12-30T22:30:37.093+0100 INFO  [RMI TCP Connection(3)-169.254.182.78] org.springframework.web.servlet.DispatcherServlet - Completed initialization in 1 ms
2024-12-30T22:32:26.054+0100 INFO  [background-preinit] org.hibernate.validator.internal.util.Version - HV000001: Hibernate Validator 8.0.1.Final
2024-12-30T22:32:26.095+0100 INFO  [main] pxl.be.services.ConfigServiceApplication - Starting ConfigServiceApplication using Java 17.0.5 with PID 20520 (C:\Users\12202466\Documents\SchoolProjecten\project-NickySchobbenPXL\backend-java\NewsArticlePXL\config-service\target\classes started by 12202466 in C:\Users\12202466\Documents\SchoolProjecten\project-NickySchobbenPXL\backend-java\NewsArticlePXL)
2024-12-30T22:32:26.096+0100 INFO  [main] pxl.be.services.ConfigServiceApplication - The following 1 profile is active: "native"
2024-12-30T22:32:26.905+0100 INFO  [main] org.springframework.cloud.context.scope.GenericScope - BeanFactory id=8e11f026-7e91-303e-9a6e-6684c2a108bf
2024-12-30T22:32:27.124+0100 INFO  [main] org.springframework.boot.web.embedded.tomcat.TomcatWebServer - Tomcat initialized with port 8088 (http)
2024-12-30T22:32:27.132+0100 INFO  [main] org.apache.coyote.http11.Http11NioProtocol - Initializing ProtocolHandler ["http-nio-8088"]
2024-12-30T22:32:27.134+0100 INFO  [main] org.apache.catalina.core.StandardService - Starting service [Tomcat]
2024-12-30T22:32:27.134+0100 INFO  [main] org.apache.catalina.core.StandardEngine - Starting Servlet engine: [Apache Tomcat/10.1.31]
2024-12-30T22:32:27.182+0100 INFO  [main] org.apache.catalina.core.ContainerBase.[Tomcat].[localhost].[/] - Initializing Spring embedded WebApplicationContext
2024-12-30T22:32:27.183+0100 INFO  [main] org.springframework.boot.web.servlet.context.ServletWebServerApplicationContext - Root WebApplicationContext: initialization completed in 1052 ms
2024-12-30T22:32:28.902+0100 INFO  [main] org.springframework.cloud.commons.util.InetUtils - Cannot determine local hostname
2024-12-30T22:32:29.011+0100 INFO  [main] org.springframework.boot.actuate.endpoint.web.EndpointLinksResolver - Exposing 1 endpoint beneath base path ''
2024-12-30T22:32:29.055+0100 INFO  [main] org.apache.coyote.http11.Http11NioProtocol - Starting ProtocolHandler ["http-nio-8088"]
2024-12-30T22:32:29.070+0100 INFO  [main] org.springframework.boot.web.embedded.tomcat.TomcatWebServer - Tomcat started on port 8088 (http) with context path '/'
2024-12-30T22:32:30.189+0100 INFO  [main] org.springframework.cloud.commons.util.InetUtils - Cannot determine local hostname
2024-12-30T22:32:30.210+0100 INFO  [main] pxl.be.services.ConfigServiceApplication - Started ConfigServiceApplication in 5.767 seconds (process running for 6.269)
2024-12-30T22:32:30.761+0100 INFO  [RMI TCP Connection(1)-169.254.182.78] org.apache.catalina.core.ContainerBase.[Tomcat].[localhost].[/] - Initializing Spring DispatcherServlet 'dispatcherServlet'
2024-12-30T22:32:30.762+0100 INFO  [RMI TCP Connection(1)-169.254.182.78] org.springframework.web.servlet.DispatcherServlet - Initializing Servlet 'dispatcherServlet'
2024-12-30T22:32:30.763+0100 INFO  [RMI TCP Connection(1)-169.254.182.78] org.springframework.web.servlet.DispatcherServlet - Completed initialization in 1 ms
