2025-01-01T13:44:21.434+0100 INFO  [background-preinit] org.hibernate.validator.internal.util.Version - HV000001: Hibernate Validator 8.0.1.Final
2025-01-01T13:44:21.497+0100 INFO  [main] pxl.be.services.ConfigServiceApplication - Starting ConfigServiceApplication using Java 17.0.5 with PID 24912 (C:\Users\12202466\Documents\SchoolProjecten\project-NickySchobbenPXL\backend-java\NewsArticlePXL\config-service\target\classes started by 12202466 in C:\Users\12202466\Documents\SchoolProjecten\project-NickySchobbenPXL\backend-java\NewsArticlePXL)
2025-01-01T13:44:21.498+0100 INFO  [main] pxl.be.services.ConfigServiceApplication - The following 1 profile is active: "native"
2025-01-01T13:44:22.559+0100 INFO  [main] org.springframework.cloud.context.scope.GenericScope - BeanFactory id=8e11f026-7e91-303e-9a6e-6684c2a108bf
2025-01-01T13:44:22.826+0100 INFO  [main] org.springframework.boot.web.embedded.tomcat.TomcatWebServer - Tomcat initialized with port 8088 (http)
2025-01-01T13:44:22.836+0100 INFO  [main] org.apache.coyote.http11.Http11NioProtocol - Initializing ProtocolHandler ["http-nio-8088"]
2025-01-01T13:44:22.838+0100 INFO  [main] org.apache.catalina.core.StandardService - Starting service [Tomcat]
2025-01-01T13:44:22.838+0100 INFO  [main] org.apache.catalina.core.StandardEngine - Starting Servlet engine: [Apache Tomcat/10.1.31]
2025-01-01T13:44:22.894+0100 INFO  [main] org.apache.catalina.core.ContainerBase.[Tomcat].[localhost].[/] - Initializing Spring embedded WebApplicationContext
2025-01-01T13:44:22.894+0100 INFO  [main] org.springframework.boot.web.servlet.context.ServletWebServerApplicationContext - Root WebApplicationContext: initialization completed in 1355 ms
2025-01-01T13:44:24.677+0100 INFO  [main] org.springframework.cloud.commons.util.InetUtils - Cannot determine local hostname
2025-01-01T13:44:24.802+0100 INFO  [main] org.springframework.boot.actuate.endpoint.web.EndpointLinksResolver - Exposing 1 endpoint beneath base path ''
2025-01-01T13:44:24.847+0100 INFO  [main] org.apache.coyote.http11.Http11NioProtocol - Starting ProtocolHandler ["http-nio-8088"]
2025-01-01T13:44:24.862+0100 INFO  [main] org.springframework.boot.web.embedded.tomcat.TomcatWebServer - Tomcat started on port 8088 (http) with context path '/'
2025-01-01T13:44:25.999+0100 INFO  [main] org.springframework.cloud.commons.util.InetUtils - Cannot determine local hostname
2025-01-01T13:44:26.015+0100 INFO  [main] pxl.be.services.ConfigServiceApplication - Started ConfigServiceApplication in 6.322 seconds (process running for 7.191)
2025-01-01T13:44:26.658+0100 INFO  [RMI TCP Connection(3)-169.254.182.78] org.apache.catalina.core.ContainerBase.[Tomcat].[localhost].[/] - Initializing Spring DispatcherServlet 'dispatcherServlet'
2025-01-01T13:44:26.658+0100 INFO  [RMI TCP Connection(3)-169.254.182.78] org.springframework.web.servlet.DispatcherServlet - Initializing Servlet 'dispatcherServlet'
2025-01-01T13:44:26.659+0100 INFO  [RMI TCP Connection(3)-169.254.182.78] org.springframework.web.servlet.DispatcherServlet - Completed initialization in 1 ms
2025-01-01T13:44:32.021+0100 INFO  [http-nio-8088-exec-1] org.springframework.cloud.config.server.environment.NativeEnvironmentRepository - Adding property source: Config resource 'class path resource [config/discovery-service.properties]' via location 'classpath:/config/'
2025-01-01T13:44:39.838+0100 INFO  [http-nio-8088-exec-2] org.springframework.cloud.config.server.environment.NativeEnvironmentRepository - Adding property source: Config resource 'class path resource [config/gateway-service.yml]' via location 'classpath:/config/'
2025-01-01T13:45:02.680+0100 INFO  [http-nio-8088-exec-6] org.springframework.cloud.config.server.environment.NativeEnvironmentRepository - Adding property source: Config resource 'class path resource [config/post-service.properties]' via location 'classpath:/config/'
2025-01-01T13:45:24.253+0100 INFO  [http-nio-8088-exec-4] org.springframework.cloud.config.server.environment.NativeEnvironmentRepository - Adding property source: Config resource 'class path resource [config/comment-service.properties]' via location 'classpath:/config/'
2025-01-01T13:45:59.098+0100 INFO  [http-nio-8088-exec-7] org.springframework.cloud.config.server.environment.NativeEnvironmentRepository - Adding property source: Config resource 'class path resource [config/review-service.properties]' via location 'classpath:/config/'
2025-01-01T13:46:20.534+0100 INFO  [http-nio-8088-exec-9] org.springframework.cloud.config.server.environment.NativeEnvironmentRepository - Adding property source: Config resource 'class path resource [config/notification-service.properties]' via location 'classpath:/config/'
2025-01-01T17:27:51.505+0100 INFO  [http-nio-8088-exec-6] org.springframework.cloud.config.server.environment.NativeEnvironmentRepository - Adding property source: Config resource 'class path resource [config/post-service.properties]' via location 'classpath:/config/'
2025-01-01T17:33:57.866+0100 INFO  [http-nio-8088-exec-5] org.springframework.cloud.config.server.environment.NativeEnvironmentRepository - Adding property source: Config resource 'class path resource [config/post-service.properties]' via location 'classpath:/config/'
2025-01-01T17:47:27.995+0100 INFO  [http-nio-8088-exec-7] org.springframework.cloud.config.server.environment.NativeEnvironmentRepository - Adding property source: Config resource 'class path resource [config/notification-service.properties]' via location 'classpath:/config/'
2025-01-01T17:48:30.602+0100 INFO  [http-nio-8088-exec-9] org.springframework.cloud.config.server.environment.NativeEnvironmentRepository - Adding property source: Config resource 'class path resource [config/notification-service.properties]' via location 'classpath:/config/'
2025-01-01T17:49:21.802+0100 INFO  [http-nio-8088-exec-1] org.springframework.cloud.config.server.environment.NativeEnvironmentRepository - Adding property source: Config resource 'class path resource [config/notification-service.properties]' via location 'classpath:/config/'
2025-01-01T17:50:24.878+0100 INFO  [http-nio-8088-exec-6] org.springframework.cloud.config.server.environment.NativeEnvironmentRepository - Adding property source: Config resource 'class path resource [config/notification-service.properties]' via location 'classpath:/config/'
2025-01-01T17:52:17.217+0100 INFO  [http-nio-8088-exec-5] org.springframework.cloud.config.server.environment.NativeEnvironmentRepository - Adding property source: Config resource 'class path resource [config/review-service.properties]' via location 'classpath:/config/'
2025-01-01T17:53:20.188+0100 INFO  [http-nio-8088-exec-7] org.springframework.cloud.config.server.environment.NativeEnvironmentRepository - Adding property source: Config resource 'class path resource [config/review-service.properties]' via location 'classpath:/config/'
2025-01-01T17:54:35.981+0100 INFO  [http-nio-8088-exec-9] org.springframework.cloud.config.server.environment.NativeEnvironmentRepository - Adding property source: Config resource 'class path resource [config/review-service.properties]' via location 'classpath:/config/'
2025-01-01T18:57:59.895+0100 INFO  [http-nio-8088-exec-1] org.springframework.cloud.config.server.environment.NativeEnvironmentRepository - Adding property source: Config resource 'class path resource [config/review-service.properties]' via location 'classpath:/config/'
2025-01-01T19:02:47.502+0100 INFO  [http-nio-8088-exec-6] org.springframework.cloud.config.server.environment.NativeEnvironmentRepository - Adding property source: Config resource 'class path resource [config/review-service.properties]' via location 'classpath:/config/'
2025-01-01T19:15:59.097+0100 INFO  [http-nio-8088-exec-5] org.springframework.cloud.config.server.environment.NativeEnvironmentRepository - Adding property source: Config resource 'class path resource [config/comment-service.properties]' via location 'classpath:/config/'
2025-01-01T19:18:30.408+0100 INFO  [http-nio-8088-exec-7] org.springframework.cloud.config.server.environment.NativeEnvironmentRepository - Adding property source: Config resource 'class path resource [config/comment-service.properties]' via location 'classpath:/config/'
2025-01-01T19:20:06.675+0100 INFO  [http-nio-8088-exec-9] org.springframework.cloud.config.server.environment.NativeEnvironmentRepository - Adding property source: Config resource 'class path resource [config/comment-service.properties]' via location 'classpath:/config/'
2025-01-01T19:26:20.404+0100 INFO  [http-nio-8088-exec-1] org.springframework.cloud.config.server.environment.NativeEnvironmentRepository - Adding property source: Config resource 'class path resource [config/comment-service.properties]' via location 'classpath:/config/'
2025-01-01T19:29:23.930+0100 INFO  [http-nio-8088-exec-6] org.springframework.cloud.config.server.environment.NativeEnvironmentRepository - Adding property source: Config resource 'class path resource [config/comment-service.properties]' via location 'classpath:/config/'
2025-01-01T19:34:00.914+0100 INFO  [http-nio-8088-exec-5] org.springframework.cloud.config.server.environment.NativeEnvironmentRepository - Adding property source: Config resource 'class path resource [config/comment-service.properties]' via location 'classpath:/config/'
2025-01-01T19:34:32.158+0100 INFO  [http-nio-8088-exec-7] org.springframework.cloud.config.server.environment.NativeEnvironmentRepository - Adding property source: Config resource 'class path resource [config/post-service.properties]' via location 'classpath:/config/'
2025-01-01T19:35:27.845+0100 INFO  [http-nio-8088-exec-9] org.springframework.cloud.config.server.environment.NativeEnvironmentRepository - Adding property source: Config resource 'class path resource [config/post-service.properties]' via location 'classpath:/config/'
2025-01-01T19:36:26.034+0100 INFO  [http-nio-8088-exec-10] org.springframework.cloud.config.server.environment.NativeEnvironmentRepository - Adding property source: Config resource 'class path resource [config/post-service.properties]' via location 'classpath:/config/'
2025-01-01T19:37:47.166+0100 INFO  [http-nio-8088-exec-6] org.springframework.cloud.config.server.environment.NativeEnvironmentRepository - Adding property source: Config resource 'class path resource [config/post-service.properties]' via location 'classpath:/config/'
2025-01-01T19:39:59.973+0100 INFO  [http-nio-8088-exec-5] org.springframework.cloud.config.server.environment.NativeEnvironmentRepository - Adding property source: Config resource 'class path resource [config/post-service.properties]' via location 'classpath:/config/'
2025-01-01T19:41:45.375+0100 INFO  [http-nio-8088-exec-7] org.springframework.cloud.config.server.environment.NativeEnvironmentRepository - Adding property source: Config resource 'class path resource [config/post-service.properties]' via location 'classpath:/config/'
